0 info it worked if it ends with ok
1 verbose cli [ '/usr/bin/node4', '/usr/bin/npm-default', 'install' ]
2 info using npm@2.15.11
3 info using node@v4.8.7
4 verbose readDependencies loading dependencies from /home/iuslab/cs412_Spring/package.json
5 error install Couldn't read dependencies
6 verbose stack Error: ENOENT: no such file or directory, open '/home/iuslab/cs412_Spring/package.json'
6 verbose stack     at Error (native)
7 verbose cwd /home/iuslab/cs412_Spring
8 error Linux 4.4.92-31-default
9 error argv "/usr/bin/node4" "/usr/bin/npm-default" "install"
10 error node v4.8.7
11 error npm  v2.15.11
12 error path /home/iuslab/cs412_Spring/package.json
13 error code ENOPACKAGEJSON
14 error errno -2
15 error syscall open
16 error package.json ENOENT: no such file or directory, open '/home/iuslab/cs412_Spring/package.json'
16 error package.json This is most likely not a problem with npm itself.
16 error package.json npm can't find a package.json file in your current directory.
17 verbose exit [ -2, true ]
